<?xml version="1.0" encoding="UTF-8"?>
<!-- Generated by org.testng.reporters.JUnitReportReporter -->
<testsuite hostname="LAPTOP-OQR41GS1" failures="0" tests="1" name="com.thefork.tests.testpage" time="0.000" errors="0" timestamp="19 Jun 2022 22:00:38 GMT" skipped="1">
  <testcase classname="com.thefork.tests.testpage" name="Firsttest" time="0.000">
    <skipped/>
  </testcase> <!-- Firsttest -->
</testsuite> <!-- com.thefork.tests.testpage -->
