<?xml version="1.0" encoding="UTF-8"?>
<!-- Generated by org.testng.reporters.JUnitReportReporter -->
<testsuite skipped="0" hostname="LAPTOP-OQR41GS1" name="com.thefork.mobile.tests.LoginPageMobileTest" tests="1" failures="0" timestamp="21 Jun 2022 19:39:07 GMT" time="128.383" errors="0">
  <testcase name="ValidatePersonalInformations" time="128.383" classname="com.thefork.mobile.tests.LoginPageMobileTest"/>
</testsuite> <!-- com.thefork.mobile.tests.LoginPageMobileTest -->
