<?xml version="1.0" encoding="UTF-8"?>
<!-- Generated by org.testng.reporters.JUnitReportReporter -->
<testsuite hostname="LAPTOP-OQR41GS1" failures="0" tests="1" name="com.thefork.tests.LoginPageTest" time="10.625" errors="0" timestamp="19 Jun 2022 23:17:46 GMT" skipped="0">
  <testcase classname="com.thefork.tests.LoginPageTest" name="ValidatePersonalInformations" time="10.625"/>
</testsuite> <!-- com.thefork.tests.LoginPageTest -->
